<?xml version="1.0" encoding="UTF-8"?>
<testsuite xmlns:xsi="http://www.w3.org/2001/XMLSchema-instance" xsi:noNamespaceSchemaLocation="https://maven.apache.org/surefire/maven-surefire-plugin/xsd/surefire-test-report-3.0.xsd" version="3.0" name="roman1.RomanTest" time="0.108" tests="21" errors="0" skipped="0" failures="0">
  <properties>
    <property name="java.specification.version" value="17"/>
    <property name="sun.cpu.isalist" value="amd64"/>
    <property name="sun.jnu.encoding" value="Cp1252"/>
    <property name="java.class.path" value="C:\Users\obenhrif\eclipse-workspace\roman1\target\test-classes;C:\Users\obenhrif\eclipse-workspace\roman1\target\classes;C:\Users\obenhrif\.m2\repository\org\junit\jupiter\junit-jupiter-engine\5.9.2\junit-jupiter-engine-5.9.2.jar;C:\Users\obenhrif\.m2\repository\org\junit\platform\junit-platform-engine\1.9.2\junit-platform-engine-1.9.2.jar;C:\Users\obenhrif\.m2\repository\org\opentest4j\opentest4j\1.2.0\opentest4j-1.2.0.jar;C:\Users\obenhrif\.m2\repository\org\junit\platform\junit-platform-commons\1.9.2\junit-platform-commons-1.9.2.jar;C:\Users\obenhrif\.m2\repository\org\junit\jupiter\junit-jupiter-api\5.9.2\junit-jupiter-api-5.9.2.jar;C:\Users\obenhrif\.m2\repository\org\apiguardian\apiguardian-api\1.1.2\apiguardian-api-1.1.2.jar;"/>
    <property name="java.vm.vendor" value="Eclipse Adoptium"/>
    <property name="sun.arch.data.model" value="64"/>
    <property name="user.variant" value=""/>
    <property name="java.vendor.url" value="https://adoptium.net/"/>
    <property name="user.timezone" value="Europe/Paris"/>
    <property name="os.name" value="Windows 10"/>
    <property name="java.vm.specification.version" value="17"/>
    <property name="sun.java.launcher" value="SUN_STANDARD"/>
    <property name="user.country" value="FR"/>
    <property name="sun.boot.library.path" value="C:\Users\obenhrif\.p2\pool\plugins\org.eclipse.justj.openjdk.hotspot.jre.full.win32.x86_64_17.0.7.v20230425-1502\jre\bin"/>
    <property name="sun.java.command" value="C:\Users\obenhrif\AppData\Local\Temp\surefire14423380489897664545\surefirebooter-20230627211029891_3.jar C:\Users\obenhrif\AppData\Local\Temp\surefire14423380489897664545 2023-06-27T21-10-29_671-jvmRun1 surefire-20230627211029891_1tmp surefire_0-20230627211029891_2tmp"/>
    <property name="jdk.debug" value="release"/>
    <property name="surefire.test.class.path" value="C:\Users\obenhrif\eclipse-workspace\roman1\target\test-classes;C:\Users\obenhrif\eclipse-workspace\roman1\target\classes;C:\Users\obenhrif\.m2\repository\org\junit\jupiter\junit-jupiter-engine\5.9.2\junit-jupiter-engine-5.9.2.jar;C:\Users\obenhrif\.m2\repository\org\junit\platform\junit-platform-engine\1.9.2\junit-platform-engine-1.9.2.jar;C:\Users\obenhrif\.m2\repository\org\opentest4j\opentest4j\1.2.0\opentest4j-1.2.0.jar;C:\Users\obenhrif\.m2\repository\org\junit\platform\junit-platform-commons\1.9.2\junit-platform-commons-1.9.2.jar;C:\Users\obenhrif\.m2\repository\org\junit\jupiter\junit-jupiter-api\5.9.2\junit-jupiter-api-5.9.2.jar;C:\Users\obenhrif\.m2\repository\org\apiguardian\apiguardian-api\1.1.2\apiguardian-api-1.1.2.jar;"/>
    <property name="sun.cpu.endian" value="little"/>
    <property name="user.home" value="C:\Users\obenhrif"/>
    <property name="user.language" value="fr"/>
    <property name="java.specification.vendor" value="Oracle Corporation"/>
    <property name="java.version.date" value="2023-04-18"/>
    <property name="java.home" value="C:\Users\obenhrif\.p2\pool\plugins\org.eclipse.justj.openjdk.hotspot.jre.full.win32.x86_64_17.0.7.v20230425-1502\jre"/>
    <property name="file.separator" value="\"/>
    <property name="style.color" value="always"/>
    <property name="basedir" value="C:\Users\obenhrif\eclipse-workspace\roman1"/>
    <property name="java.vm.compressedOopsMode" value="Zero based"/>
    <property name="line.separator" value="&#10;"/>
    <property name="java.vm.specification.vendor" value="Oracle Corporation"/>
    <property name="java.specification.name" value="Java Platform API Specification"/>
    <property name="surefire.real.class.path" value="C:\Users\obenhrif\AppData\Local\Temp\surefire14423380489897664545\surefirebooter-20230627211029891_3.jar"/>
    <property name="user.script" value=""/>
    <property name="sun.management.compiler" value="HotSpot 64-Bit Tiered Compilers"/>
    <property name="java.runtime.version" value="17.0.7+7"/>
    <property name="user.name" value="obenhrif"/>
    <property name="path.separator" value=";"/>
    <property name="os.version" value="10.0"/>
    <property name="java.runtime.name" value="OpenJDK Runtime Environment"/>
    <property name="file.encoding" value="Cp1252"/>
    <property name="java.vm.name" value="OpenJDK 64-Bit Server VM"/>
    <property name="java.vendor.version" value="Temurin-17.0.7+7"/>
    <property name="localRepository" value="C:\Users\obenhrif\.m2\repository"/>
    <property name="java.vendor.url.bug" value="https://github.com/adoptium/adoptium-support/issues"/>
    <property name="java.io.tmpdir" value="C:\Users\obenhrif\AppData\Local\Temp\"/>
    <property name="java.version" value="17.0.7"/>
    <property name="user.dir" value="C:\Users\obenhrif\eclipse-workspace\roman1"/>
    <property name="os.arch" value="amd64"/>
    <property name="java.vm.specification.name" value="Java Virtual Machine Specification"/>
    <property name="sun.os.patch.level" value=""/>
    <property name="native.encoding" value="Cp1252"/>
    <property name="java.library.path" value="C:\Users\obenhrif\.p2\pool\plugins\org.eclipse.justj.openjdk.hotspot.jre.full.win32.x86_64_17.0.7.v20230425-1502\jre\bin;C:\Windows\Sun\Java\bin;C:\Windows\system32;C:\Windows;C:/Users/obenhrif/.p2/pool/plugins/org.eclipse.justj.openjdk.hotspot.jre.full.win32.x86_64_17.0.7.v20230425-1502/jre/bin/server;C:/Users/obenhrif/.p2/pool/plugins/org.eclipse.justj.openjdk.hotspot.jre.full.win32.x86_64_17.0.7.v20230425-1502/jre/bin;C:\Python311\Scripts\;C:\Python311\;C:\Windows\system32;C:\Windows;C:\Windows\System32\Wbem;C:\Windows\System32\WindowsPowerShell\v1.0\;C:\Windows\System32\OpenSSH\;C:\Program Files\nodejs\;C:\ProgramData\chocolatey\bin;C:\Users\obenhrif\AppData\Local\Microsoft\WindowsApps;C:\Users\obenhrif\AppData\Roaming\npm;C:\Windows\system32;;."/>
    <property name="java.vm.info" value="mixed mode"/>
    <property name="java.vendor" value="Eclipse Adoptium"/>
    <property name="java.vm.version" value="17.0.7+7"/>
    <property name="sun.io.unicode.encoding" value="UnicodeLittle"/>
    <property name="java.class.version" value="61.0"/>
  </properties>
  <testcase name="should_arabic_number_seventy_eight_return_L" classname="roman1.RomanTest" time="0.043"/>
  <testcase name="should_arabic_number_one_return_I" classname="roman1.RomanTest" time="0.001"/>
  <testcase name="should_arabic_number_six_return_VI" classname="roman1.RomanTest" time="0.001"/>
  <testcase name="should_arabic_number_378_return_CCCLXXVIII" classname="roman1.RomanTest" time="0.001"/>
  <testcase name="should_arabic_number_3999_return_MMMCMXCIX" classname="roman1.RomanTest" time="0"/>
  <testcase name="should_arabic_number_seven_return_VII" classname="roman1.RomanTest" time="0.001"/>
  <testcase name="should_arabic_number_959_return_CMLIX" classname="roman1.RomanTest" time="0.001"/>
  <testcase name="should_arabic_number_two_return_II" classname="roman1.RomanTest" time="0.001"/>
  <testcase name="should_arabic_number_fifty_return_L" classname="roman1.RomanTest" time="0.001"/>
  <testcase name="should_arabic_number_3888_return_MMMDCCCLXXXVIII_new" classname="roman1.RomanTest" time="0"/>
  <testcase name="should_arabic_number_three_return_III" classname="roman1.RomanTest" time="0.001"/>
  <testcase name="should_arabic_number_eight_return_VIII" classname="roman1.RomanTest" time="0.001"/>
  <testcase name="should_arabic_number_959_return_CMLIX_new" classname="roman1.RomanTest" time="0.001"/>
  <testcase name="should_arabic_number_3888_return_MMMDCCCLXXXVIII" classname="roman1.RomanTest" time="0"/>
  <testcase name="should_arabic_number_thirty_eight_return_XXXVIII" classname="roman1.RomanTest" time="0.001"/>
  <testcase name="should_arabic_number_thirty_return_XXX" classname="roman1.RomanTest" time="0"/>
  <testcase name="should_arabic_number_ten_return_X" classname="roman1.RomanTest" time="0.001"/>
  <testcase name="should_arabic_number_twanty_three_return_XXIII" classname="roman1.RomanTest" time="0.001"/>
  <testcase name="should_arabic_number_five_return_V" classname="roman1.RomanTest" time="0"/>
  <testcase name="should_arabic_number_3999_return_MMMCMXCIX_new" classname="roman1.RomanTest" time="0.001"/>
  <testcase name="should_arabic_number_eighty_five_return_LXXXV" classname="roman1.RomanTest" time="0.001"/>
</testsuite>